<?xml version="1.0" encoding="UTF-8"?>
<!-- Generated by org.testng.reporters.JUnitXMLReporter -->
<testsuite ignored="18" hostname="DESKTOP-M77CS71" failures="5" tests="8" name="Test" time="597.213" errors="0" timestamp="2022-12-19T21:02:00 IST">
  <testcase classname="com.RightsfuAlly.TestCases.SignInViaEmailWithMobileVerification" name="signInViaEmailWithMobileVerificationByNewOrVerifiedEmailAndVerifiedContact" time="85.834">
    <failure type="java.lang.AssertionError" message="expected [true] but found [false]">
      <![CDATA[java.lang.AssertionError: expected [true] but found [false]
at com.RightsfuAlly.TestCases.SignInViaEmailWithMobileVerification.signInViaEmailWithMobileVerificationByNewOrVerifiedEmailAndVerifiedContact(SignInViaEmailWithMobileVerification.java:66)
at java.base/java.util.ArrayList.forEach(ArrayList.java:1511)
... Removed 29 stack frames]]>
    </failure>
  </testcase> <!-- signInViaEmailWithMobileVerificationByNewOrVerifiedEmailAndVerifiedContact -->
  <testcase classname="com.RightsfuAlly.TestCases.SignInViaEmailWithMobileVerification" name="signInViaEmailWithMobileVerificationByNewOrVerifiedEmailAndAssociatedUnverifiedContact" time="80.521">
    <failure type="java.lang.AssertionError" message="expected [true] but found [false]">
      <![CDATA[java.lang.AssertionError: expected [true] but found [false]
at com.RightsfuAlly.TestCases.SignInViaEmailWithMobileVerification.signInViaEmailWithMobileVerificationByNewOrVerifiedEmailAndAssociatedUnverifiedContact(SignInViaEmailWithMobileVerification.java:94)
at java.base/java.util.ArrayList.forEach(ArrayList.java:1511)
... Removed 29 stack frames]]>
    </failure>
  </testcase> <!-- signInViaEmailWithMobileVerificationByNewOrVerifiedEmailAndAssociatedUnverifiedContact -->
  <testcase classname="com.RightsfuAlly.TestCases.SignInViaEmailWithMobileVerificationLater" name="signInViaEmailWithMobileVerificationLaterByNewOrVerifiedEmailAndVerifiedContact" time="47.177"/>
  <testcase classname="com.RightsfuAlly.TestCases.SignInViaEmailWithMobileVerificationLater" name="signInViaEmailWithMobileVerificationLaterByNewOrVerifiedEmailAndAssociatedUnverifiedContact" time="46.085"/>
  <testcase classname="com.RightsfuAlly.TestCases.SignInViaSmsWithEmailVerification" name="signInViaSmsWithEmailVerificationByNewOrVerifiedContactAndVerifiedEmail" time="78.346">
    <failure type="java.lang.AssertionError" message="expected [true] but found [false]">
      <![CDATA[java.lang.AssertionError: expected [true] but found [false]
at com.RightsfuAlly.TestCases.SignInViaSmsWithEmailVerification.signInViaSmsWithEmailVerificationByNewOrVerifiedContactAndVerifiedEmail(SignInViaSmsWithEmailVerification.java:76)
at java.base/java.util.ArrayList.forEach(ArrayList.java:1511)
... Removed 29 stack frames]]>
    </failure>
  </testcase> <!-- signInViaSmsWithEmailVerificationByNewOrVerifiedContactAndVerifiedEmail -->
  <testcase classname="com.RightsfuAlly.TestCases.SignInViaSmsWithEmailVerification" name="signInViaSmsWithEmailVerificationByNewOrVerifiedContactAndAssociatedUnverifiedEmail" time="58.811">
    <failure type="org.openqa.selenium.NoSuchElementException" message="no such element: Unable to locate element: {&amp;quot;method&amp;quot;:&amp;quot;css selector&amp;quot;,&amp;quot;selector&amp;quot;:&amp;quot;#otp_box&amp;quot;}
  (Session info: chrome=108.0.5359.125)
For documentation on this error, please visit: https://selenium.dev/exceptions/#no_such_element
Build info: version: &amp;apos;4.6.0&amp;apos;, revision: &amp;apos;79f1c02ae20&amp;apos;
System info: os.name: &amp;apos;Windows 10&amp;apos;, os.arch: &amp;apos;amd64&amp;apos;, os.version: &amp;apos;10.0&amp;apos;, java.version: &amp;apos;18.0.2.1&amp;apos;
Driver info: org.openqa.selenium.chrome.ChromeDriver
Command: [072cc65b49a5e4becab3d0e7a78401cf, findElement {using=id, value=otp_box}]
Capabilities {acceptInsecureCerts: false, browserName: chrome, browserVersion: 108.0.5359.125, chrome: {chromedriverVersion: 108.0.5359.71 (1e0e3868ee06..., userDataDir: C:\Users\admin\AppData\Loca...}, goog:chromeOptions: {debuggerAddress: localhost:61731}, networkConnectionEnabled: false, pageLoadStrategy: normal, platformName: WINDOWS, proxy: Proxy(), se:cdp: ws://localhost:61731/devtoo..., se:cdpVersion: 108.0.5359.125, setWindowRect: true, strictFileInteractability: false, timeouts: {implicit: 0, pageLoad: 300000, script: 30000}, unhandledPromptBehavior: dismiss and notify, webauthn:extension:credBlob: true, webauthn:extension:largeBlob: true, webauthn:virtualAuthenticators: true}
Session ID: 072cc65b49a5e4becab3d0e7a78401cf">
      <![CDATA[org.openqa.selenium.NoSuchElementException: no such element: Unable to locate element: {"method":"css selector","selector":"#otp_box"}
  (Session info: chrome=108.0.5359.125)
For documentation on this error, please visit: https://selenium.dev/exceptions/#no_such_element
Build info: version: '4.6.0', revision: '79f1c02ae20'
System info: os.name: 'Windows 10', os.arch: 'amd64', os.version: '10.0', java.version: '18.0.2.1'
Driver info: org.openqa.selenium.chrome.ChromeDriver
Command: [072cc65b49a5e4becab3d0e7a78401cf, findElement {using=id, value=otp_box}]
Capabilities {acceptInsecureCerts: false, browserName: chrome, browserVersion: 108.0.5359.125, chrome: {chromedriverVersion: 108.0.5359.71 (1e0e3868ee06..., userDataDir: C:\Users\admin\AppData\Loca...}, goog:chromeOptions: {debuggerAddress: localhost:61731}, networkConnectionEnabled: false, pageLoadStrategy: normal, platformName: WINDOWS, proxy: Proxy(), se:cdp: ws://localhost:61731/devtoo..., se:cdpVersion: 108.0.5359.125, setWindowRect: true, strictFileInteractability: false, timeouts: {implicit: 0, pageLoad: 300000, script: 30000}, unhandledPromptBehavior: dismiss and notify, webauthn:extension:credBlob: true, webauthn:extension:largeBlob: true, webauthn:virtualAuthenticators: true}
Session ID: 072cc65b49a5e4becab3d0e7a78401cf
at org.openqa.selenium.remote.codec.w3c.W3CHttpResponseCodec.createException(W3CHttpResponseCodec.java:200)
at org.openqa.selenium.remote.codec.w3c.W3CHttpResponseCodec.decode(W3CHttpResponseCodec.java:133)
at org.openqa.selenium.remote.codec.w3c.W3CHttpResponseCodec.decode(W3CHttpResponseCodec.java:53)
at org.openqa.selenium.remote.HttpCommandExecutor.execute(HttpCommandExecutor.java:184)
at org.openqa.selenium.remote.service.DriverCommandExecutor.invokeExecute(DriverCommandExecutor.java:167)
at org.openqa.selenium.remote.service.DriverCommandExecutor.execute(DriverCommandExecutor.java:142)
at org.openqa.selenium.remote.RemoteWebDriver.execute(RemoteWebDriver.java:541)
at org.openqa.selenium.remote.ElementLocation$ElementFinder$2.findElement(ElementLocation.java:162)
at org.openqa.selenium.remote.ElementLocation.findElement(ElementLocation.java:60)
at org.openqa.selenium.remote.RemoteWebDriver.findElement(RemoteWebDriver.java:365)
at org.openqa.selenium.remote.RemoteWebDriver.findElement(RemoteWebDriver.java:357)
at org.openqa.selenium.support.pagefactory.DefaultElementLocator.findElement(DefaultElementLocator.java:70)
at org.openqa.selenium.support.pagefactory.internal.LocatingElementHandler.invoke(LocatingElementHandler.java:39)
at jdk.proxy2/jdk.proxy2.$Proxy17.sendKeys(Unknown Source)
at com.RightsfuAlly.PageObject.OtpVerificationPage.enterOtp(OtpVerificationPage.java:50)
at com.RightsfuAlly.TestCases.SignInViaSmsWithEmailVerification.signInViaSmsWithEmailVerificationByNewOrVerifiedContactAndAssociatedUnverifiedEmail(SignInViaSmsWithEmailVerification.java:96)
at java.base/java.util.ArrayList.forEach(ArrayList.java:1511)
... Removed 28 stack frames]]>
    </failure>
  </testcase> <!-- signInViaSmsWithEmailVerificationByNewOrVerifiedContactAndAssociatedUnverifiedEmail -->
  <testcase classname="com.RightsfuAlly.TestCases.SignInViaSmsWithEmailVerificationLater" name="signInViaSmsWithEmailVerificationLaterByNewOrVerifiedContactAndVerifiedEmail" time="45.498"/>
  <testcase classname="com.RightsfuAlly.TestCases.SignInViaSmsWithEmailVerificationLater" name="signInViaSmsWithEmailVerificationLaterByNewOrVerifiedContactAndAssociatedUnverifiedEmail" time="74.947">
    <failure type="java.lang.AssertionError" message="expected [true] but found [false]">
      <![CDATA[java.lang.AssertionError: expected [true] but found [false]
at com.RightsfuAlly.TestCases.SignInViaSmsWithEmailVerificationLater.signInViaSmsWithEmailVerificationLaterByNewOrVerifiedContactAndAssociatedUnverifiedEmail(SignInViaSmsWithEmailVerificationLater.java:100)
at java.base/java.util.ArrayList.forEach(ArrayList.java:1511)
... Removed 29 stack frames]]>
    </failure>
  </testcase> <!-- signInViaSmsWithEmailVerificationLaterByNewOrVerifiedContactAndAssociatedUnverifiedEmail -->
  <testcase classname="com.RightsfuAlly.TestCases.SignInViaSmsWithEmailVerificationLater" name="signInViaSmsWithEmailVerificationLaterByNewOrVerifiedContactAndExistingEmail" time="0.0">
    <ignored/>
  </testcase> <!-- signInViaSmsWithEmailVerificationLaterByNewOrVerifiedContactAndExistingEmail -->
  <testcase classname="com.RightsfuAlly.TestCases.SignInViaSmsWithEmailVerification" name="signInViaSmsWithEmailVerificationByNewOrVerifiedContactAndNewEmail" time="0.0">
    <ignored/>
  </testcase> <!-- signInViaSmsWithEmailVerificationByNewOrVerifiedContactAndNewEmail -->
  <testcase classname="com.RightsfuAlly.TestCases.SignInViaSmsWithEmailVerificationLater" name="signInViaSmsWithEmailVerificationLaterByNewOrVerifiedContactAndAssociatedVerifiedEmail" time="0.0">
    <ignored/>
  </testcase> <!-- signInViaSmsWithEmailVerificationLaterByNewOrVerifiedContactAndAssociatedVerifiedEmail -->
  <testcase classname="com.RightsfuAlly.TestCases.SignInViaSmsWithEmailVerification" name="signInViaSmsByExistingContact" time="0.0">
    <ignored/>
  </testcase> <!-- signInViaSmsByExistingContact -->
  <testcase classname="com.RightsfuAlly.TestCases.SignInViaEmailWithMobileVerification" name="signInViaEmailWithMobileVerificationByNewOrVerifiedEmailAndAssociatedVerifiedContact" time="0.0">
    <ignored/>
  </testcase> <!-- signInViaEmailWithMobileVerificationByNewOrVerifiedEmailAndAssociatedVerifiedContact -->
  <testcase classname="com.RightsfuAlly.TestCases.SignInViaEmailWithMobileVerificationLater" name="signInViaEmailWithMobileVerificationLaterByNewOrVerifiedEmailAndAssociatedVerifiedContact" time="0.0">
    <ignored/>
  </testcase> <!-- signInViaEmailWithMobileVerificationLaterByNewOrVerifiedEmailAndAssociatedVerifiedContact -->
  <testcase classname="com.RightsfuAlly.TestCases.SignInViaSmsWithEmailVerificationLater" name="signInViaSMSWithEmailVerificationLaterByNewOrVerifiedContactAndNewEmail" time="0.0">
    <ignored/>
  </testcase> <!-- signInViaSMSWithEmailVerificationLaterByNewOrVerifiedContactAndNewEmail -->
  <testcase classname="com.RightsfuAlly.TestCases.SignInViaSmsWithEmailVerification" name="signInViaSmsWithEmailVerificationByNewOrVerifiedContactAndAssociatedVerifiedEmail" time="0.0">
    <ignored/>
  </testcase> <!-- signInViaSmsWithEmailVerificationByNewOrVerifiedContactAndAssociatedVerifiedEmail -->
  <testcase classname="com.RightsfuAlly.TestCases.SignInViaEmailWithMobileVerification" name="signInViaEmailByAssociatedUnverifiedEmail" time="0.0">
    <ignored/>
  </testcase> <!-- signInViaEmailByAssociatedUnverifiedEmail -->
  <testcase classname="com.RightsfuAlly.TestCases.SignInViaEmailWithMobileVerificationLater" name="signInViaEmailWithMobileVerificationLaterByNewOrVerifiedEmailAndExistingContact" time="0.0">
    <ignored/>
  </testcase> <!-- signInViaEmailWithMobileVerificationLaterByNewOrVerifiedEmailAndExistingContact -->
  <testcase classname="com.RightsfuAlly.TestCases.SignInViaEmailWithMobileVerificationLater" name="signInViaEmailWithMobileVerificationLaterByNewOrVerifiedEmailAndNewContact" time="0.0">
    <ignored/>
  </testcase> <!-- signInViaEmailWithMobileVerificationLaterByNewOrVerifiedEmailAndNewContact -->
  <testcase classname="com.RightsfuAlly.TestCases.SignInViaEmailWithMobileVerification" name="signInViaEmailWithMobileVerificationByNewOrVerifiedEmailAndExistingContact" time="0.0">
    <ignored/>
  </testcase> <!-- signInViaEmailWithMobileVerificationByNewOrVerifiedEmailAndExistingContact -->
  <testcase classname="com.RightsfuAlly.TestCases.SignInViaSmsWithEmailVerification" name="signInViaSmsByAssociatedUnverifiedContact" time="0.0">
    <ignored/>
  </testcase> <!-- signInViaSmsByAssociatedUnverifiedContact -->
  <testcase classname="com.RightsfuAlly.TestCases.SignInViaEmailWithMobileVerification" name="signInViaEmailByExistingEmail" time="0.0">
    <ignored/>
  </testcase> <!-- signInViaEmailByExistingEmail -->
  <testcase classname="com.RightsfuAlly.TestCases.SignInViaSmsWithEmailVerification" name="signInViaSmsByAssociatedVerifiedContact" time="0.0">
    <ignored/>
  </testcase> <!-- signInViaSmsByAssociatedVerifiedContact -->
  <testcase classname="com.RightsfuAlly.TestCases.SignInViaEmailWithMobileVerification" name="signInViaEmailByAssociatedVerifiedEmail" time="0.0">
    <ignored/>
  </testcase> <!-- signInViaEmailByAssociatedVerifiedEmail -->
  <testcase classname="com.RightsfuAlly.TestCases.SignInViaEmailWithMobileVerification" name="signInViaEmailWithMobileVerificationByNewOrVerifiedEmailAndNewContact" time="0.0">
    <ignored/>
  </testcase> <!-- signInViaEmailWithMobileVerificationByNewOrVerifiedEmailAndNewContact -->
  <testcase classname="com.RightsfuAlly.TestCases.SignInViaSmsWithEmailVerification" name="signInViaSmsWithEmailVerificationByNewOrVerifiedContactAndExistingEmail" time="0.0">
    <ignored/>
  </testcase> <!-- signInViaSmsWithEmailVerificationByNewOrVerifiedContactAndExistingEmail -->
</testsuite> <!-- Test -->
